  BankSystem.cpp
E:\المشاريع التي يجب أضافتها على قيت هوب\BankSystem\BankSystem\clsString.h(38,25): warning C4267: 'return': conversion from 'size_t' to 'short', possible loss of data
E:\المشاريع التي يجب أضافتها على قيت هوب\BankSystem\BankSystem\clsString.h(43,29): warning C4267: 'return': conversion from 'size_t' to 'short', possible loss of data
E:\المشاريع التي يجب أضافتها على قيت هوب\BankSystem\BankSystem\clsString.h(55,30): warning C4267: '=': conversion from 'size_t' to 'short', possible loss of data
E:\المشاريع التي يجب أضافتها على قيت هوب\BankSystem\BankSystem\clsString.h(192,29): warning C4267: 'return': conversion from 'size_t' to 'short', possible loss of data
E:\المشاريع التي يجب أضافتها على قيت هوب\BankSystem\BankSystem\clsString.h(323,30): warning C4267: '=': conversion from 'size_t' to 'short', possible loss of data
E:\المشاريع التي يجب أضافتها على قيت هوب\BankSystem\BankSystem\clsString.h(371,22): warning C4267: 'initializing': conversion from 'size_t' to 'short', possible loss of data
E:\المشاريع التي يجب أضافتها على قيت هوب\BankSystem\BankSystem\clsUtil.h(64,5): warning C4102: 'defualt': unreferenced label
E:\المشاريع التي يجب أضافتها على قيت هوب\BankSystem\BankSystem\clsUser.h(199,5): warning C4240: nonstandard extension used: access to 'clsUser::stLoginRegisterRecord' now defined to be 'public', previously it was defined to be 'private'
E:\المشاريع التي يجب أضافتها على قيت هوب\BankSystem\BankSystem\clsUser.h(26,12): message : see declaration of 'clsUser::stLoginRegisterRecord'
E:\المشاريع التي يجب أضافتها على قيت هوب\BankSystem\BankSystem\clsBankClient.h(207,5): warning C4240: nonstandard extension used: access to 'clsBankClient::stTrnsferLogRecord' now defined to be 'public', previously it was defined to be 'private'
E:\المشاريع التي يجب أضافتها على قيت هوب\BankSystem\BankSystem\clsBankClient.h(152,12): message : see declaration of 'clsBankClient::stTrnsferLogRecord'
E:\المشاريع التي يجب أضافتها على قيت هوب\BankSystem\BankSystem\clsBankClient.h(28,65): warning C4244: 'argument': conversion from 'double' to 'float', possible loss of data
E:\المشاريع التي يجب أضافتها على قيت هوب\BankSystem\BankSystem\clsBankClient.h(162,39): warning C4244: '=': conversion from 'double' to 'float', possible loss of data
E:\المشاريع التي يجب أضافتها على قيت هوب\BankSystem\BankSystem\clsBankClient.h(163,48): warning C4244: '=': conversion from 'double' to 'float', possible loss of data
E:\المشاريع التي يجب أضافتها على قيت هوب\BankSystem\BankSystem\clsBankClient.h(164,49): warning C4244: '=': conversion from 'double' to 'float', possible loss of data
E:\المشاريع التي يجب أضافتها على قيت هوب\BankSystem\BankSystem\clsBankClient.h(421,28): warning C4244: '+=': conversion from 'double' to 'float', possible loss of data
E:\المشاريع التي يجب أضافتها على قيت هوب\BankSystem\BankSystem\clsBankClient.h(434,32): warning C4244: '-=': conversion from 'double' to 'float', possible loss of data
E:\المشاريع التي يجب أضافتها على قيت هوب\BankSystem\BankSystem\clsTotalBalancesScreen.h(57,82): warning C4244: 'argument': conversion from 'double' to 'int', possible loss of data
E:\المشاريع التي يجب أضافتها على قيت هوب\BankSystem\BankSystem\clsCurrency.h(27,17): warning C4244: 'argument': conversion from 'double' to 'float', possible loss of data
E:\المشاريع التي يجب أضافتها على قيت هوب\BankSystem\BankSystem\clsBankClient.h(376): warning C4715: 'clsBankClient::Save': not all control paths return a value
E:\المشاريع التي يجب أضافتها على قيت هوب\BankSystem\BankSystem\clsUser.h(360): warning C4715: 'clsUser::Save': not all control paths return a value
E:\المشاريع التي يجب أضافتها على قيت هوب\BankSystem\BankSystem\clsBankClient.h(438): warning C4715: 'clsBankClient::Withdraw': not all control paths return a value
  BankSystem.vcxproj -> E:\المشاريع التي يجب أضافتها على قيت هوب\BankSystem\x64\Debug\BankSystem.exe
